This is pdfTeX, Version 3.141592653-2.6-1.40.25 (TeX Live 2023) (preloaded format=pdflatex 2023.10.4)  7 JAN 2024 18:06
entering extended mode
 restricted \write18 enabled.
 file:line:error style messages enabled.
 %&-line parsing enabled.
**main.tex
(./main.tex
LaTeX2e <2023-06-01> patch level 1
L3 programming layer <2023-08-29>
(/usr/local/texlive/2023/texmf-dist/tex/latex/base/article.cls
Document Class: article 2023/05/17 v1.4n Standard LaTeX document class
(/usr/local/texlive/2023/texmf-dist/tex/latex/base/size11.clo
File: size11.clo 2023/05/17 v1.4n Standard LaTeX file (size option)
)
\c@part=\count185
\c@section=\count186
\c@subsection=\count187
\c@subsubsection=\count188
\c@paragraph=\count189
\c@subparagraph=\count190
\c@figure=\count191
\c@table=\count192
\abovecaptionskip=\skip48
\belowcaptionskip=\skip49
\bibindent=\dimen140
) (/usr/local/texlive/2023/texmf-dist/tex/latex/geometry/geometry.sty
Package: geometry 2020/01/02 v5.9 Page Geometry
 (/usr/local/texlive/2023/texmf-dist/tex/latex/graphics/keyval.sty
Package: keyval 2022/05/29 v1.15 key=value parser (DPC)
\KV@toks@=\toks17
) (/usr/local/texlive/2023/texmf-dist/tex/generic/iftex/ifvtex.sty
Package: ifvtex 2019/10/25 v1.7 ifvtex legacy package. Use iftex instead.
 (/usr/local/texlive/2023/texmf-dist/tex/generic/iftex/iftex.sty
Package: iftex 2022/02/03 v1.0f TeX engine tests
))
\Gm@cnth=\count193
\Gm@cntv=\count194
\c@Gm@tempcnt=\count195
\Gm@bindingoffset=\dimen141
\Gm@wd@mp=\dimen142
\Gm@odd@mp=\dimen143
\Gm@even@mp=\dimen144
\Gm@layoutwidth=\dimen145
\Gm@layoutheight=\dimen146
\Gm@layouthoffset=\dimen147
\Gm@layoutvoffset=\dimen148
\Gm@dimlist=\toks18
) (/usr/local/texlive/2023/texmf-dist/tex/latex/graphics/graphicx.sty
Package: graphicx 2021/09/16 v1.2d Enhanced LaTeX Graphics (DPC,SPQR)
 (/usr/local/texlive/2023/texmf-dist/tex/latex/graphics/graphics.sty
Package: graphics 2022/03/10 v1.4e Standard LaTeX Graphics (DPC,SPQR)
 (/usr/local/texlive/2023/texmf-dist/tex/latex/graphics/trig.sty
Package: trig 2021/08/11 v1.11 sin cos tan (DPC)
) (/usr/local/texlive/2023/texmf-dist/tex/latex/graphics-cfg/graphics.cfg
File: graphics.cfg 2016/06/04 v1.11 sample graphics configuration
)
Package graphics Info: Driver file: pdftex.def on input line 107.
 (/usr/local/texlive/2023/texmf-dist/tex/latex/graphics-def/pdftex.def
File: pdftex.def 2022/09/22 v1.2b Graphics/color driver for pdftex
))
\Gin@req@height=\dimen149
\Gin@req@width=\dimen150
) (/usr/local/texlive/2023/texmf-dist/tex/latex/fancyhdr/fancyhdr.sty
Package: fancyhdr 2022/11/09 v4.1 Extensive control of page headers and footers
\f@nch@headwidth=\skip50
\f@nch@O@elh=\skip51
\f@nch@O@erh=\skip52
\f@nch@O@olh=\skip53
\f@nch@O@orh=\skip54
\f@nch@O@elf=\skip55
\f@nch@O@erf=\skip56
\f@nch@O@olf=\skip57
\f@nch@O@orf=\skip58
) (/usr/local/texlive/2023/texmf-dist/tex/latex/lastpage/lastpage.sty
Package: lastpage 2023/07/24 v2.0c lastpage: 2.09 or 2e? (HMM)
 (/usr/local/texlive/2023/texmf-dist/tex/latex/lastpage/lastpage2e.sty
Package: lastpage2e 2023/07/24 v2.0c Decide which 2e lastpage version to use (HMM)
 (/usr/local/texlive/2023/texmf-dist/tex/latex/lastpage/lastpagemodern.sty
Package: lastpagemodern 2023-07-24 v2.0c Refers to last page's name (HMM; JPG)
) 
)) (/usr/local/texlive/2023/texmf-dist/tex/latex/bbding/bbding.sty
Package: bbding 1999/04/15 v1.01 Dingbats symbols
) (/usr/local/texlive/2023/texmf-dist/tex/latex/pmboxdraw/pmboxdraw.sty
Package: pmboxdraw 2019/12/05 v1.4 Poor man's box drawing characters (HO)
 (/usr/local/texlive/2023/texmf-dist/tex/generic/ltxcmds/ltxcmds.sty
Package: ltxcmds 2020-05-10 v1.25 LaTeX kernel commands for general use (HO)
) (/usr/local/texlive/2023/texmf-dist/tex/latex/kvsetkeys/kvsetkeys.sty
Package: kvsetkeys 2022-10-05 v1.19 Key value parser (HO)
) (/usr/local/texlive/2023/texmf-dist/tex/generic/kvdefinekeys/kvdefinekeys.sty
Package: kvdefinekeys 2019-12-19 v1.6 Define keys (HO)
) (/usr/local/texlive/2023/texmf-dist/tex/generic/infwarerr/infwarerr.sty
Package: infwarerr 2019/12/03 v1.5 Providing info/warning/error messages (HO)
)
Now handling font encoding pmboxdraw ...
... processing UTF-8 mapping file for font encoding pmboxdraw
 (/usr/local/texlive/2023/texmf-dist/tex/latex/pmboxdraw/pmboxdrawenc.dfu
File: pmboxdrawenc.dfu 2019/12/05 v1.4 UTF-8 support for box drawing characters
   defining Unicode char U+2500 (decimal 9472)
   defining Unicode char U+2501 (decimal 9473)
   defining Unicode char U+2502 (decimal 9474)
   defining Unicode char U+2503 (decimal 9475)
   defining Unicode char U+250C (decimal 9484)
   defining Unicode char U+250D (decimal 9485)
   defining Unicode char U+250E (decimal 9486)
   defining Unicode char U+250F (decimal 9487)
   defining Unicode char U+2510 (decimal 9488)
   defining Unicode char U+2511 (decimal 9489)
   defining Unicode char U+2512 (decimal 9490)
   defining Unicode char U+2513 (decimal 9491)
   defining Unicode char U+2514 (decimal 9492)
   defining Unicode char U+2515 (decimal 9493)
   defining Unicode char U+2516 (decimal 9494)
   defining Unicode char U+2517 (decimal 9495)
   defining Unicode char U+2518 (decimal 9496)
   defining Unicode char U+2519 (decimal 9497)
   defining Unicode char U+251A (decimal 9498)
   defining Unicode char U+251B (decimal 9499)
   defining Unicode char U+251C (decimal 9500)
   defining Unicode char U+251D (decimal 9501)
   defining Unicode char U+251E (decimal 9502)
   defining Unicode char U+251F (decimal 9503)
   defining Unicode char U+2520 (decimal 9504)
   defining Unicode char U+2521 (decimal 9505)
   defining Unicode char U+2522 (decimal 9506)
   defining Unicode char U+2523 (decimal 9507)
   defining Unicode char U+2524 (decimal 9508)
   defining Unicode char U+252C (decimal 9516)
   defining Unicode char U+252D (decimal 9517)
   defining Unicode char U+252E (decimal 9518)
   defining Unicode char U+252F (decimal 9519)
   defining Unicode char U+2530 (decimal 9520)
   defining Unicode char U+2531 (decimal 9521)
   defining Unicode char U+2532 (decimal 9522)
   defining Unicode char U+2533 (decimal 9523)
   defining Unicode char U+2534 (decimal 9524)
   defining Unicode char U+2535 (decimal 9525)
   defining Unicode char U+2536 (decimal 9526)
   defining Unicode char U+2537 (decimal 9527)
   defining Unicode char U+2538 (decimal 9528)
   defining Unicode char U+2539 (decimal 9529)
   defining Unicode char U+253A (decimal 9530)
   defining Unicode char U+253B (decimal 9531)
   defining Unicode char U+253C (decimal 9532)
   defining Unicode char U+253D (decimal 9533)
   defining Unicode char U+253E (decimal 9534)
   defining Unicode char U+253F (decimal 9535)
   defining Unicode char U+2540 (decimal 9536)
   defining Unicode char U+2541 (decimal 9537)
   defining Unicode char U+2542 (decimal 9538)
   defining Unicode char U+2543 (decimal 9539)
   defining Unicode char U+2544 (decimal 9540)
   defining Unicode char U+2545 (decimal 9541)
   defining Unicode char U+2546 (decimal 9542)
   defining Unicode char U+2547 (decimal 9543)
   defining Unicode char U+2548 (decimal 9544)
   defining Unicode char U+2549 (decimal 9545)
   defining Unicode char U+254A (decimal 9546)
   defining Unicode char U+254B (decimal 9547)
   defining Unicode char U+2550 (decimal 9552)
   defining Unicode char U+2551 (decimal 9553)
   defining Unicode char U+2552 (decimal 9554)
   defining Unicode char U+2553 (decimal 9555)
   defining Unicode char U+2554 (decimal 9556)
   defining Unicode char U+2555 (decimal 9557)
   defining Unicode char U+2556 (decimal 9558)
   defining Unicode char U+2557 (decimal 9559)
   defining Unicode char U+2558 (decimal 9560)
   defining Unicode char U+2559 (decimal 9561)
   defining Unicode char U+255A (decimal 9562)
   defining Unicode char U+255B (decimal 9563)
   defining Unicode char U+255C (decimal 9564)
   defining Unicode char U+255D (decimal 9565)
   defining Unicode char U+255E (decimal 9566)
   defining Unicode char U+255F (decimal 9567)
   defining Unicode char U+2560 (decimal 9568)
   defining Unicode char U+2561 (decimal 9569)
   defining Unicode char U+2562 (decimal 9570)
   defining Unicode char U+2563 (decimal 9571)
   defining Unicode char U+2564 (decimal 9572)
   defining Unicode char U+2565 (decimal 9573)
   defining Unicode char U+2566 (decimal 9574)
   defining Unicode char U+2567 (decimal 9575)
   defining Unicode char U+2568 (decimal 9576)
   defining Unicode char U+2569 (decimal 9577)
   defining Unicode char U+256A (decimal 9578)
   defining Unicode char U+256B (decimal 9579)
   defining Unicode char U+256C (decimal 9580)
   defining Unicode char U+2574 (decimal 9588)
   defining Unicode char U+2575 (decimal 9589)
   defining Unicode char U+2576 (decimal 9590)
   defining Unicode char U+2577 (decimal 9591)
   defining Unicode char U+2578 (decimal 9592)
   defining Unicode char U+2579 (decimal 9593)
   defining Unicode char U+257A (decimal 9594)
   defining Unicode char U+257B (decimal 9595)
   defining Unicode char U+257C (decimal 9596)
   defining Unicode char U+257D (decimal 9597)
   defining Unicode char U+257E (decimal 9598)
   defining Unicode char U+257F (decimal 9599)
   defining Unicode char U+2580 (decimal 9600)
   defining Unicode char U+2581 (decimal 9601)
   defining Unicode char U+2582 (decimal 9602)
   defining Unicode char U+2583 (decimal 9603)
   defining Unicode char U+2584 (decimal 9604)
   defining Unicode char U+2585 (decimal 9605)
   defining Unicode char U+2586 (decimal 9606)
   defining Unicode char U+2587 (decimal 9607)
   defining Unicode char U+2588 (decimal 9608)
   defining Unicode char U+2589 (decimal 9609)
   defining Unicode char U+258A (decimal 9610)
   defining Unicode char U+258B (decimal 9611)
   defining Unicode char U+258C (decimal 9612)
   defining Unicode char U+258D (decimal 9613)
   defining Unicode char U+258E (decimal 9614)
   defining Unicode char U+258F (decimal 9615)
   defining Unicode char U+2590 (decimal 9616)
   defining Unicode char U+2591 (decimal 9617)
   defining Unicode char U+2592 (decimal 9618)
   defining Unicode char U+2593 (decimal 9619)
   defining Unicode char U+2594 (decimal 9620)
   defining Unicode char U+2595 (decimal 9621)
   defining Unicode char U+2596 (decimal 9622)
   defining Unicode char U+2597 (decimal 9623)
   defining Unicode char U+2598 (decimal 9624)
   defining Unicode char U+2599 (decimal 9625)
   defining Unicode char U+259A (decimal 9626)
   defining Unicode char U+259B (decimal 9627)
   defining Unicode char U+259C (decimal 9628)
   defining Unicode char U+259D (decimal 9629)
   defining Unicode char U+259E (decimal 9630)
   defining Unicode char U+259F (decimal 9631)
) (/usr/local/texlive/2023/texmf-dist/tex/latex/kvoptions/kvoptions.sty
Package: kvoptions 2022-06-15 v3.15 Key value format for package options (HO)
)
\pmbd@W=\dimen151
\pmbd@H=\dimen152
\pmbd@L=\dimen153
\pmbd@Thin=\dimen154
\pmbd@Thick=\dimen155
\pmbd@Sep=\dimen156
) (/usr/local/texlive/2023/texmf-dist/tex/latex/graphics/color.sty
Package: color 2022/01/06 v1.3d Standard LaTeX Color (DPC)
 (/usr/local/texlive/2023/texmf-dist/tex/latex/graphics-cfg/color.cfg
File: color.cfg 2016/01/02 v1.6 sample color configuration
)
Package color Info: Driver file: pdftex.def on input line 149.
 (/usr/local/texlive/2023/texmf-dist/tex/latex/graphics/dvipsnam.def
File: dvipsnam.def 2016/06/17 v3.0m Driver-dependent file (DPC,SPQR)
) (/usr/local/texlive/2023/texmf-dist/tex/latex/graphics/mathcolor.ltx))
Package color Info: Redefining color red on input line 11.
Package color Info: Redefining color OliveGreen on input line 13.
 (/usr/local/texlive/2023/texmf-dist/tex/latex/hyperref/hyperref.sty
Package: hyperref 2023-07-08 v7.01b Hypertext links for LaTeX
 (/usr/local/texlive/2023/texmf-dist/tex/generic/pdftexcmds/pdftexcmds.sty
Package: pdftexcmds 2020-06-27 v0.33 Utility functions of pdfTeX for LuaTeX (HO)
Package pdftexcmds Info: \pdf@primitive is available.
Package pdftexcmds Info: \pdf@ifprimitive is available.
Package pdftexcmds Info: \pdfdraftmode found.
) (/usr/local/texlive/2023/texmf-dist/tex/generic/pdfescape/pdfescape.sty
Package: pdfescape 2019/12/09 v1.15 Implements pdfTeX's escape features (HO)
) (/usr/local/texlive/2023/texmf-dist/tex/latex/hycolor/hycolor.sty
Package: hycolor 2020-01-27 v1.10 Color options for hyperref/bookmark (HO)
) (/usr/local/texlive/2023/texmf-dist/tex/latex/letltxmacro/letltxmacro.sty
Package: letltxmacro 2019/12/03 v1.6 Let assignment for LaTeX macros (HO)
) (/usr/local/texlive/2023/texmf-dist/tex/latex/auxhook/auxhook.sty
Package: auxhook 2019-12-17 v1.6 Hooks for auxiliary files (HO)
) (/usr/local/texlive/2023/texmf-dist/tex/latex/hyperref/nameref.sty
Package: nameref 2023-08-07 v2.53 Cross-referencing by name of section
 (/usr/local/texlive/2023/texmf-dist/tex/latex/refcount/refcount.sty
Package: refcount 2019/12/15 v3.6 Data extraction from label references (HO)
) (/usr/local/texlive/2023/texmf-dist/tex/generic/gettitlestring/gettitlestring.sty
Package: gettitlestring 2019/12/15 v1.6 Cleanup title references (HO)
)
\c@section@level=\count196
) (/usr/local/texlive/2023/texmf-dist/tex/latex/etoolbox/etoolbox.sty
Package: etoolbox 2020/10/05 v2.5k e-TeX tools for LaTeX (JAW)
\etb@tempcnta=\count197
)
\@linkdim=\dimen157
\Hy@linkcounter=\count198
\Hy@pagecounter=\count199
 (/usr/local/texlive/2023/texmf-dist/tex/latex/hyperref/pd1enc.def
File: pd1enc.def 2023-07-08 v7.01b Hyperref: PDFDocEncoding definition (HO)
Now handling font encoding PD1 ...
... no UTF-8 mapping file for font encoding PD1
) (/usr/local/texlive/2023/texmf-dist/tex/generic/intcalc/intcalc.sty
Package: intcalc 2019/12/15 v1.3 Expandable calculations with integers (HO)
)
\Hy@SavedSpaceFactor=\count266
 (/usr/local/texlive/2023/texmf-dist/tex/latex/hyperref/puenc.def
File: puenc.def 2023-07-08 v7.01b Hyperref: PDF Unicode definition (HO)
Now handling font encoding PU ...
... no UTF-8 mapping file for font encoding PU
)
Package hyperref Info: Option `colorlinks' set `true' on input line 4050.
Package hyperref Info: Option `pdfusetitle' set `true' on input line 4050.
Package hyperref Info: Hyper figures OFF on input line 4167.
Package hyperref Info: Link nesting OFF on input line 4172.
Package hyperref Info: Hyper index ON on input line 4175.
Package hyperref Info: Plain pages OFF on input line 4182.
Package hyperref Info: Backreferencing OFF on input line 4187.
Package hyperref Info: Implicit mode ON; LaTeX internals redefined.
Package hyperref Info: Bookmarks ON on input line 4434.
\c@Hy@tempcnt=\count267
 (/usr/local/texlive/2023/texmf-dist/tex/latex/url/url.sty
\Urlmuskip=\muskip16
Package: url 2013/09/16  ver 3.4  Verb mode for urls, etc.
)
LaTeX Info: Redefining \url on input line 4772.
\XeTeXLinkMargin=\dimen158
 (/usr/local/texlive/2023/texmf-dist/tex/generic/bitset/bitset.sty
Package: bitset 2019/12/09 v1.3 Handle bit-vector datatype (HO)
 (/usr/local/texlive/2023/texmf-dist/tex/generic/bigintcalc/bigintcalc.sty
Package: bigintcalc 2019/12/15 v1.5 Expandable calculations on big integers (HO)
))
\Fld@menulength=\count268
\Field@Width=\dimen159
\Fld@charsize=\dimen160
Package hyperref Info: Hyper figures OFF on input line 6051.
Package hyperref Info: Link nesting OFF on input line 6056.
Package hyperref Info: Hyper index ON on input line 6059.
Package hyperref Info: backreferencing OFF on input line 6066.
Package hyperref Info: Link coloring ON on input line 6069.
Package hyperref Info: Link coloring with OCG OFF on input line 6076.
Package hyperref Info: PDF/A mode OFF on input line 6081.

(/usr/local/texlive/2023/texmf-dist/tex/latex/base/atbegshi-ltx.sty
Package: atbegshi-ltx 2021/01/10 v1.0c Emulation of the original atbegshi
package with kernel methods
)
\Hy@abspage=\count269
\c@Item=\count270
\c@Hfootnote=\count271
)
Package hyperref Info: Driver (autodetected): hpdftex.
 (/usr/local/texlive/2023/texmf-dist/tex/latex/hyperref/hpdftex.def
File: hpdftex.def 2023-07-08 v7.01b Hyperref driver for pdfTeX
 (/usr/local/texlive/2023/texmf-dist/tex/latex/base/atveryend-ltx.sty
Package: atveryend-ltx 2020/08/19 v1.0a Emulation of the original atveryend package
with kernel methods
)
\Fld@listcount=\count272
\c@bookmark@seq@number=\count273
 (/usr/local/texlive/2023/texmf-dist/tex/latex/rerunfilecheck/rerunfilecheck.sty
Package: rerunfilecheck 2022-07-10 v1.10 Rerun checks for auxiliary files (HO)
 (/usr/local/texlive/2023/texmf-dist/tex/generic/uniquecounter/uniquecounter.sty
Package: uniquecounter 2019/12/15 v1.4 Provide unlimited unique counter (HO)
)
Package uniquecounter Info: New unique counter `rerunfilecheck' on input line 285.
)
\Hy@SectionHShift=\skip59
) (/usr/local/texlive/2023/texmf-dist/tex/latex/booktabs/booktabs.sty
Package: booktabs 2020/01/12 v1.61803398 Publication quality tables
\heavyrulewidth=\dimen161
\lightrulewidth=\dimen162
\cmidrulewidth=\dimen163
\belowrulesep=\dimen164
\belowbottomsep=\dimen165
\aboverulesep=\dimen166
\abovetopsep=\dimen167
\cmidrulesep=\dimen168
\cmidrulekern=\dimen169
\defaultaddspace=\dimen170
\@cmidla=\count274
\@cmidlb=\count275
\@aboverulesep=\dimen171
\@belowrulesep=\dimen172
\@thisruleclass=\count276
\@lastruleclass=\count277
\@thisrulewidth=\dimen173
) (/usr/local/texlive/2023/texmf-dist/tex/latex/multirow/multirow.sty
Package: multirow 2021/03/15 v2.8 Span multiple rows of a table
\multirow@colwidth=\skip60
\multirow@cntb=\count278
\multirow@dima=\skip61
\bigstrutjot=\dimen174
) (/usr/local/texlive/2023/texmf-dist/tex/latex/tools/tabularx.sty
Package: tabularx 2020/01/15 v2.11c `tabularx' package (DPC)
 (/usr/local/texlive/2023/texmf-dist/tex/latex/tools/array.sty
Package: array 2022/09/04 v2.5g Tabular extension package (FMi)
\col@sep=\dimen175
\ar@mcellbox=\box51
\extrarowheight=\dimen176
\NC@list=\toks19
\extratabsurround=\skip62
\backup@length=\skip63
\ar@cellbox=\box52
)
\TX@col@width=\dimen177
\TX@old@table=\dimen178
\TX@old@col=\dimen179
\TX@target=\dimen180
\TX@delta=\dimen181
\TX@cols=\count279
\TX@ftn=\toks20
) (/usr/local/texlive/2023/texmf-dist/tex/latex/markdown/markdown.sty (/usr/local/texlive/2023/texmf-dist/tex/latex/l3kernel/expl3.sty
Package: expl3 2023-08-29 L3 programming layer (loader) 
 (/usr/local/texlive/2023/texmf-dist/tex/latex/l3backend/l3backend-pdftex.def
File: l3backend-pdftex.def 2023-04-19 L3 backend support: PDF output (pdfTeX)
\l__color_backend_stack_int=\count280
\l__pdf_internal_box=\box53
)) (/usr/local/texlive/2023/texmf-dist/tex/generic/markdown/markdown.tex
\markdownOptionFrozenCacheCounter=\count281
\markdownInputFileStream=\read2
\markdownOutputFileStream=\write3
Package markdown Info: Using mode 3: The lt3luabridge package on input line 2667.
 (/usr/local/texlive/2023/texmf-dist/tex/generic/lt3luabridge/lt3luabridge.tex
\g_luabridge_method_int=\count282

Package luabridge Info: Using shell escape as the bridging method

))
Package: markdown 2023-04-27 v2.23.0-0-g0b22f91 markdown renderer
 (/usr/local/texlive/2023/texmf-dist/tex/latex/paralist/paralist.sty
Package: paralist 2017/01/22 v2.7 Extended list environments
\pltopsep=\skip64
\plpartopsep=\skip65
\plitemsep=\skip66
\plparsep=\skip67
\pl@lab=\toks21
) (/usr/local/texlive/2023/texmf-dist/tex/latex/amsmath/amsmath.sty
Package: amsmath 2023/05/13 v2.17o AMS math features
\@mathmargin=\skip68

For additional information on amsmath, use the `?' option.
(/usr/local/texlive/2023/texmf-dist/tex/latex/amsmath/amstext.sty
Package: amstext 2021/08/26 v2.01 AMS text
 (/usr/local/texlive/2023/texmf-dist/tex/latex/amsmath/amsgen.sty
File: amsgen.sty 1999/11/30 v2.0 generic functions
\@emptytoks=\toks22
\ex@=\dimen182
)) (/usr/local/texlive/2023/texmf-dist/tex/latex/amsmath/amsbsy.sty
Package: amsbsy 1999/11/29 v1.2d Bold Symbols
\pmbraise@=\dimen183
) (/usr/local/texlive/2023/texmf-dist/tex/latex/amsmath/amsopn.sty
Package: amsopn 2022/04/08 v2.04 operator names
)
\inf@bad=\count283
LaTeX Info: Redefining \frac on input line 234.
\uproot@=\count284
\leftroot@=\count285
LaTeX Info: Redefining \overline on input line 399.
LaTeX Info: Redefining \colon on input line 410.
\classnum@=\count286
\DOTSCASE@=\count287
LaTeX Info: Redefining \ldots on input line 496.
LaTeX Info: Redefining \dots on input line 499.
LaTeX Info: Redefining \cdots on input line 620.
\Mathstrutbox@=\box54
\strutbox@=\box55
LaTeX Info: Redefining \big on input line 722.
LaTeX Info: Redefining \Big on input line 723.
LaTeX Info: Redefining \bigg on input line 724.
LaTeX Info: Redefining \Bigg on input line 725.
\big@size=\dimen184
LaTeX Font Info:    Redeclaring font encoding OML on input line 743.
LaTeX Font Info:    Redeclaring font encoding OMS on input line 744.
\macc@depth=\count288
LaTeX Info: Redefining \bmod on input line 905.
LaTeX Info: Redefining \pmod on input line 910.
LaTeX Info: Redefining \smash on input line 940.
LaTeX Info: Redefining \relbar on input line 970.
LaTeX Info: Redefining \Relbar on input line 971.
\c@MaxMatrixCols=\count289
\dotsspace@=\muskip17
\c@parentequation=\count290
\dspbrk@lvl=\count291
\tag@help=\toks23
\row@=\count292
\column@=\count293
\maxfields@=\count294
\andhelp@=\toks24
\eqnshift@=\dimen185
\alignsep@=\dimen186
\tagshift@=\dimen187
\tagwidth@=\dimen188
\totwidth@=\dimen189
\lineht@=\dimen190
\@envbody=\toks25
\multlinegap=\skip69
\multlinetaggap=\skip70
\mathdisplay@stack=\toks26
LaTeX Info: Redefining \[ on input line 2953.
LaTeX Info: Redefining \] on input line 2954.
) (/usr/local/texlive/2023/texmf-dist/tex/latex/amsfonts/amssymb.sty
Package: amssymb 2013/01/14 v3.01 AMS font symbols
 (/usr/local/texlive/2023/texmf-dist/tex/latex/amsfonts/amsfonts.sty
Package: amsfonts 2013/01/14 v3.01 Basic AMSFonts support
\symAMSa=\mathgroup4
\symAMSb=\mathgroup5
LaTeX Font Info:    Redeclaring math symbol \hbar on input line 98.
LaTeX Font Info:    Overwriting math alphabet `\mathfrak' in version `bold'
(Font)                  U/euf/m/n --> U/euf/b/n on input line 106.
)) (/usr/local/texlive/2023/texmf-dist/tex/latex/csvsimple/csvsimple.sty (/usr/local/texlive/2023/texmf-dist/tex/latex/l3packages/l3keys2e/l3keys2e.sty
Package: l3keys2e 2023-08-29 LaTeX2e option processing using LaTeX3 keys
)
Package: csvsimple 2023/05/09 v2.4.0 LaTeX CSV file processing
) (/usr/local/texlive/2023/texmf-dist/tex/latex/csvsimple/csvsimple-legacy.sty
Package: csvsimple-legacy 2023/05/09 version 2.4.0 LaTeX2e CSV file processing
 (/usr/local/texlive/2023/texmf-dist/tex/latex/pgf/utilities/pgfrcs.sty (/usr/local/texlive/2023/texmf-dist/tex/generic/pgf/utilities/pgfutil-common.tex
\pgfutil@everybye=\toks27
\pgfutil@tempdima=\dimen191
\pgfutil@tempdimb=\dimen192
) (/usr/local/texlive/2023/texmf-dist/tex/generic/pgf/utilities/pgfutil-latex.def
\pgfutil@abb=\box56
) (/usr/local/texlive/2023/texmf-dist/tex/generic/pgf/utilities/pgfrcs.code.tex (/usr/local/texlive/2023/texmf-dist/tex/generic/pgf/pgf.revision.tex)
Package: pgfrcs 2023-01-15 v3.1.10 (3.1.10)
)) (/usr/local/texlive/2023/texmf-dist/tex/latex/pgf/utilities/pgfkeys.sty (/usr/local/texlive/2023/texmf-dist/tex/generic/pgf/utilities/pgfkeys.code.tex
\pgfkeys@pathtoks=\toks28
\pgfkeys@temptoks=\toks29
 (/usr/local/texlive/2023/texmf-dist/tex/generic/pgf/utilities/pgfkeyslibraryfiltered.code.tex
\pgfkeys@tmptoks=\toks30
))) (/usr/local/texlive/2023/texmf-dist/tex/latex/base/ifthen.sty
Package: ifthen 2022/04/13 v1.1d Standard LaTeX ifthen package (DPC)
) (/usr/local/texlive/2023/texmf-dist/tex/latex/tools/shellesc.sty
Package: shellesc 2023/04/15 v1.0d unified shell escape interface for LaTeX
Package shellesc Info: Restricted shell escape enabled on input line 77.
)
\csv@file=\read3
\c@csvinputline=\count295
\c@csvrow=\count296
\c@csvcol=\count297
\csv@out=\write4
) (/usr/local/texlive/2023/texmf-dist/tex/latex/fancyvrb/fancyvrb.sty
Package: fancyvrb 2023/01/19 4.5a verbatim text (tvz,hv)
\FV@CodeLineNo=\count298
\FV@InFile=\read4
\FV@TabBox=\box57
\c@FancyVerbLine=\count299
\FV@StepNumber=\count300
\FV@OutFile=\write5
)
\markdownLaTeXCitationsCounter=\count301
 (/usr/local/texlive/2023/texmf-dist/tex/generic/gobble/gobble.sty
Package: gobble 2019/01/04 v0.2 Provides more gobble macros
 (/usr/local/texlive/2023/texmf-dist/tex/generic/gobble/gobble.tex))
\markdownLaTeXRowCounter=\count302
\markdownLaTeXRowTotal=\count303
\markdownLaTeXColumnCounter=\count304
\markdownLaTeXColumnTotal=\count305
\markdownLaTeXTable=\toks31
\markdownLaTeXTableAlignment=\toks32
\markdownLaTeXTableEnd=\toks33
) (./main.aux)
\openout1 = `main.aux'.

LaTeX Font Info:    Checking defaults for OML/cmm/m/it on input line 23.
LaTeX Font Info:    ... okay on input line 23.
LaTeX Font Info:    Checking defaults for OMS/cmsy/m/n on input line 23.
LaTeX Font Info:    ... okay on input line 23.
LaTeX Font Info:    Checking defaults for OT1/cmr/m/n on input line 23.
LaTeX Font Info:    ... okay on input line 23.
LaTeX Font Info:    Checking defaults for T1/cmr/m/n on input line 23.
LaTeX Font Info:    ... okay on input line 23.
LaTeX Font Info:    Checking defaults for TS1/cmr/m/n on input line 23.
LaTeX Font Info:    ... okay on input line 23.
LaTeX Font Info:    Checking defaults for OMX/cmex/m/n on input line 23.
LaTeX Font Info:    ... okay on input line 23.
LaTeX Font Info:    Checking defaults for U/cmr/m/n on input line 23.
LaTeX Font Info:    ... okay on input line 23.
LaTeX Font Info:    Checking defaults for pmboxdraw/pmboxdraw/m/n on input line 23.
LaTeX Font Info:    ... okay on input line 23.
LaTeX Font Info:    Checking defaults for PD1/pdf/m/n on input line 23.
LaTeX Font Info:    ... okay on input line 23.
LaTeX Font Info:    Checking defaults for PU/pdf/m/n on input line 23.
LaTeX Font Info:    ... okay on input line 23.

*geometry* driver: auto-detecting
*geometry* detected driver: pdftex
*geometry* verbose mode - [ preamble ] result:
* driver: pdftex
* paper: a4paper
* layout: <same size as paper>
* layoutoffset:(h,v)=(0.0pt,0.0pt)
* modes: 
* h-part:(L,W,R)=(56.9055pt, 483.69687pt, 56.9055pt)
* v-part:(T,H,B)=(56.9055pt, 674.33032pt, 113.81102pt)
* \paperwidth=597.50787pt
* \paperheight=845.04684pt
* \textwidth=483.69687pt
* \textheight=674.33032pt
* \oddsidemargin=-15.36449pt
* \evensidemargin=-15.36449pt
* \topmargin=-52.36449pt
* \headheight=12.0pt
* \headsep=25.0pt
* \topskip=11.0pt
* \footskip=30.0pt
* \marginparwidth=50.0pt
* \marginparsep=10.0pt
* \columnsep=10.0pt
* \skip\footins=10.0pt plus 4.0pt minus 2.0pt
* \hoffset=0.0pt
* \voffset=0.0pt
* \mag=1000
* \@twocolumnfalse
* \@twosidefalse
* \@mparswitchfalse
* \@reversemarginfalse
* (1in=72.27pt=25.4mm, 1cm=28.453pt)

(/usr/local/texlive/2023/texmf-dist/tex/context/base/mkii/supp-pdf.mkii
[Loading MPS to PDF converter (version 2006.09.02).]
\scratchcounter=\count306
\scratchdimen=\dimen193
\scratchbox=\box58
\nofMPsegments=\count307
\nofMParguments=\count308
\everyMPshowfont=\toks34
\MPscratchCnt=\count309
\MPscratchDim=\dimen194
\MPnumerator=\count310
\makeMPintoPDFobject=\count311
\everyMPtoPDFconversion=\toks35
) (/usr/local/texlive/2023/texmf-dist/tex/latex/epstopdf-pkg/epstopdf-base.sty
Package: epstopdf-base 2020-01-24 v2.11 Base part for package epstopdf
Package epstopdf-base Info: Redefining graphics rule for `.eps' on input line 485.
 (/usr/local/texlive/2023/texmf-dist/tex/latex/latexconfig/epstopdf-sys.cfg
File: epstopdf-sys.cfg 2010/07/13 v1.3 Configuration of (r)epstopdf for TeX Live
))
Package hyperref Info: Link coloring ON on input line 23.
 (./main.out) (./main.out)
\@outlinefile=\write6
\openout6 = `main.out'.

LaTeX Font Info:    Trying to load font information for U+msa on input line 35.
 (/usr/local/texlive/2023/texmf-dist/tex/latex/amsfonts/umsa.fd
File: umsa.fd 2013/01/14 v3.01 AMS symbols A
)
LaTeX Font Info:    Trying to load font information for U+msb on input line 35.
 (/usr/local/texlive/2023/texmf-dist/tex/latex/amsfonts/umsb.fd
File: umsb.fd 2013/01/14 v3.01 AMS symbols B
) (./327templatesyllabus.tex [1

{/usr/local/texlive/2023/texmf-var/fonts/map/pdftex/updmap/pdftex.map}])
./main.tex:46: Argument of \@sect has an extra }.
<inserted text> 
                \par 
l.46 ... Canvas for the most up-to-date schedule}}
                                                  
I've run across a `}' that doesn't seem to match anything.
For example, `\def\a#1{...}' and `\a}' would produce
this error. If you simply proceed now, the `\par' that
I've just inserted will cause me to report a runaway
argument that might be the root of the problem. But if
your `}' was spurious, just type `2' and it will go away.

Runaway argument?
{\normalfont \Large \bfseries }{\@xfootnote }\def \reserved@b {\stepcounter \ETC.
./main.tex:46: Paragraph ended before \@sect was complete.
<to be read again> 
                   \par 
l.46 ... Canvas for the most up-to-date schedule}}
                                                  
I suspect you've forgotten a `}', causing me to apply this
control sequence to too much text. How can we recover?
My plan is to forget the whole thing and hope for the best.

./main.tex:46: Argument of \@sect has an extra }.
<inserted text> 
                \par 
l.46 ... Canvas for the most up-to-date schedule}}
                                                  
I've run across a `}' that doesn't seem to match anything.
For example, `\def\a#1{...}' and `\a}' would produce
this error. If you simply proceed now, the `\par' that
I've just inserted will cause me to report a runaway
argument that might be the root of the problem. But if
your `}' was spurious, just type `2' and it will go away.

Runaway argument?
{\normalfont \Large \bfseries }{\@xfootnote }\def \reserved@b {\stepcounter \ETC.
./main.tex:46: Paragraph ended before \@sect was complete.
<to be read again> 
                   \par 
l.46 ... Canvas for the most up-to-date schedule}}
                                                  
I suspect you've forgotten a `}', causing me to apply this
control sequence to too much text. How can we recover?
My plan is to forget the whole thing and hope for the best.


Package hyperref Warning: Token not allowed in a PDF string (Unicode):
(hyperref)                removing `\@ifnextchar' on input line 46.

./main.tex:46: Argument of \@sect has an extra }.
<inserted text> 
                \par 
l.46 ... Canvas for the most up-to-date schedule}}
                                                  
I've run across a `}' that doesn't seem to match anything.
For example, `\def\a#1{...}' and `\a}' would produce
this error. If you simply proceed now, the `\par' that
I've just inserted will cause me to report a runaway
argument that might be the root of the problem. But if
your `}' was spurious, just type `2' and it will go away.

Runaway argument?
{\normalfont \Large \bfseries }{\@xfootnote }\def \reserved@b {\stepcounter \ETC.
./main.tex:46: Paragraph ended before \@sect was complete.
<to be read again> 
                   \par 
l.46 ... Canvas for the most up-to-date schedule}}
                                                  
I suspect you've forgotten a `}', causing me to apply this
control sequence to too much text. How can we recover?
My plan is to forget the whole thing and hope for the best.

(./schedule.tex) (./UOpolicies.tex [2] [3]) [4] 
enddocument/afterlastpage: lastpage setting LastPage.
(./main.aux)
 ***********
LaTeX2e <2023-06-01> patch level 1
L3 programming layer <2023-08-29>
 ***********
Package rerunfilecheck Info: File `main.out' has not changed.
(rerunfilecheck)             Checksum: A7DD84C8AEB15AC792C943DACF59DC70;1091.
 ) 
Here is how much of TeX's memory you used:
 14806 strings out of 474934
 281552 string characters out of 5759811
 1931791 words of memory out of 5000000
 36075 multiletter control sequences out of 15000+600000
 569541 words of font info for 81 fonts, out of 8000000 for 9000
 1141 hyphenation exceptions out of 8191
 82i,8n,80p,1170b,443s stack positions out of 10000i,1000n,20000p,200000b,200000s
</usr/local/texlive/2023/texmf-dist/fonts/type1/public/amsfonts/cm/cmbx10.pfb></usr/local/texlive/2023/texmf-dist/fonts/type1/public/amsfonts/cm/cmbx12.pfb></usr/local/texlive/2023/texmf-dist/fonts/type1/public/amsfonts/cm/cmcsc10.pfb></usr/local/texlive/2023/texmf-dist/fonts/type1/public/amsfonts/cm/cmmi8.pfb></usr/local/texlive/2023/texmf-dist/fonts/type1/public/amsfonts/cm/cmr10.pfb></usr/local/texlive/2023/texmf-dist/fonts/type1/public/amsfonts/cm/cmr6.pfb></usr/local/texlive/2023/texmf-dist/fonts/type1/public/amsfonts/cm/cmr8.pfb></usr/local/texlive/2023/texmf-dist/fonts/type1/public/amsfonts/cm/cmr9.pfb></usr/local/texlive/2023/texmf-dist/fonts/type1/public/amsfonts/cm/cmti10.pfb></usr/local/texlive/2023/texmf-dist/fonts/type1/public/amsfonts/cm/cmtt10.pfb>
Output written on main.pdf (4 pages, 152842 bytes).
PDF statistics:
 152 PDF objects out of 1000 (max. 8388607)
 124 compressed objects within 2 object streams
 27 named destinations out of 1000 (max. 500000)
 57 words of extra memory for PDF output out of 10000 (max. 10000000)

